#
# There is insufficient memory for the Java Runtime Environment to continue.
# Native memory allocation (malloc) failed to allocate 235376 bytes for Chunk::new
# Possible reasons:
#   The system is out of physical RAM or swap space
#   The process is running with CompressedOops enabled, and the Java Heap may be blocking the growth of the native heap
# Possible solutions:
#   Reduce memory load on the system
#   Increase physical memory or swap space
#   Check if swap backing store is full
#   Decrease Java heap size (-Xmx/-Xms)
#   Decrease number of Java threads
#   Decrease Java thread stack sizes (-Xss)
#   Set larger code cache with -XX:ReservedCodeCacheSize=
#   JVM is running with Unscaled Compressed Oops mode in which the Java heap is
#     placed in the first 4GB address space. The Java Heap base address is the
#     maximum limit for the native heap growth. Please use -XX:HeapBaseMinAddress
#     to set the Java Heap base and to place the Java Heap above 4GB virtual address.
# This output file may be truncated or incomplete.
#
#  Out of Memory Error (arena.cpp:189), pid=122968, tid=124376
#
# JRE version: OpenJDK Runtime Environment JBR-17.0.5+1-653.23-jcef (17.0.5+1) (build 17.0.5+1-b653.23)
# Java VM: OpenJDK 64-Bit Server VM JBR-17.0.5+1-653.23-jcef (17.0.5+1-b653.23, mixed mode, tiered, compressed oops, compressed class ptrs, g1 gc, windows-amd64)
# No core dump will be written. Minidumps are not enabled by default on client versions of Windows
#

---------------  S U M M A R Y ------------

Command Line: git4idea.http.GitAskPassApp Username for 'https://github.com': 

Host: AMD Ryzen 5 3500U with Radeon Vega Mobile Gfx  , 8 cores, 5G,  Windows 10 , 64 bit Build 19041 (10.0.19041.2913)
Time: Tue Feb 13 17:13:12 2024 Paris, Madrid elapsed time: 0.436757 seconds (0d 0h 0m 0s)

---------------  T H R E A D  ---------------

Current thread (0x000001d67d821680):  JavaThread "C2 CompilerThread0" daemon [_thread_in_native, id=124376, stack(0x000000974f000000,0x000000974f100000)]


Current CompileTask:
C2:    436  152 %     4       java.util.zip.ZipFile$Source::initCEN @ 240 (591 bytes)

Stack: [0x000000974f000000,0x000000974f100000]
Native frames: (J=compiled Java code, j=interpreted, Vv=VM code, C=native code)
V  [jvm.dll+0x6830ca]
V  [jvm.dll+0x83f4c4]
V  [jvm.dll+0x840c6e]
V  [jvm.dll+0x8412d3]
V  [jvm.dll+0x2490b5]
V  [jvm.dll+0xabd5c]
V  [jvm.dll+0xac32c]
V  [jvm.dll+0x2b02df]
V  [jvm.dll+0x589777]
V  [jvm.dll+0x223912]
V  [jvm.dll+0x21d262]
V  [jvm.dll+0x21aa7b]
V  [jvm.dll+0x1a470d]
V  [jvm.dll+0x22a5f8]
V  [jvm.dll+0x2286b9]
V  [jvm.dll+0x7f4eac]
V  [jvm.dll+0x7ef40a]
V  [jvm.dll+0x681f05]
C  [ucrtbase.dll+0x21bb2]
C  [KERNEL32.DLL+0x17614]
C  [ntdll.dll+0x526a1]


---------------  P R O C E S S  ---------------

Threads class SMR info:
_java_thread_list=0x000001d67d996950, length=12, elements={
0x000001d661dccf80, 0x000001d67ccb5980, 0x000001d67ccbafa0, 0x000001d67cd27550,
0x000001d67cd283c0, 0x000001d67d81e320, 0x000001d67d820390, 0x000001d67d821680,
0x000001d67d822810, 0x000001d67d823db0, 0x000001d67d9916b0, 0x000001d67d995e20
}

Java Threads: ( => current thread )
  0x000001d661dccf80 JavaThread "main" [_thread_in_Java, id=124708, stack(0x000000974e300000,0x000000974e400000)]
  0x000001d67ccb5980 JavaThread "Reference Handler" daemon [_thread_blocked, id=123212, stack(0x000000974ea00000,0x000000974eb00000)]
  0x000001d67ccbafa0 JavaThread "Finalizer" daemon [_thread_blocked, id=124888, stack(0x000000974eb00000,0x000000974ec00000)]
  0x000001d67cd27550 JavaThread "Signal Dispatcher" daemon [_thread_blocked, id=124856, stack(0x000000974ec00000,0x000000974ed00000)]
  0x000001d67cd283c0 JavaThread "Attach Listener" daemon [_thread_blocked, id=124544, stack(0x000000974ed00000,0x000000974ee00000)]
  0x000001d67d81e320 JavaThread "Service Thread" daemon [_thread_blocked, id=124912, stack(0x000000974ee00000,0x000000974ef00000)]
  0x000001d67d820390 JavaThread "Monitor Deflation Thread" daemon [_thread_blocked, id=124908, stack(0x000000974ef00000,0x000000974f000000)]
=>0x000001d67d821680 JavaThread "C2 CompilerThread0" daemon [_thread_in_native, id=124376, stack(0x000000974f000000,0x000000974f100000)]
  0x000001d67d822810 JavaThread "C1 CompilerThread0" daemon [_thread_blocked, id=123416, stack(0x000000974f100000,0x000000974f200000)]
  0x000001d67d823db0 JavaThread "Sweeper thread" daemon [_thread_blocked, id=124452, stack(0x000000974f200000,0x000000974f300000)]
  0x000001d67d9916b0 JavaThread "Notification Thread" daemon [_thread_blocked, id=123436, stack(0x000000974f300000,0x000000974f400000)]
  0x000001d67d995e20 JavaThread "Common-Cleaner" daemon [_thread_blocked, id=124872, stack(0x000000974f500000,0x000000974f600000)]

Other Threads:
  0x000001d67cc7aae0 VMThread "VM Thread" [stack: 0x000000974e900000,0x000000974ea00000] [id=124840]
  0x000001d67d995b90 WatcherThread [stack: 0x000000974f400000,0x000000974f500000] [id=124876]
  0x000001d663fba430 GCTaskThread "GC Thread#0" [stack: 0x000000974e400000,0x000000974e500000] [id=124784]
  0x000001d663fc89a0 ConcurrentGCThread "G1 Main Marker" [stack: 0x000000974e500000,0x000000974e600000] [id=85092]
  0x000001d663fc93b0 ConcurrentGCThread "G1 Conc#0" [stack: 0x000000974e600000,0x000000974e700000] [id=124576]
  0x000001d66403bc60 ConcurrentGCThread "G1 Refine#0" [stack: 0x000000974e700000,0x000000974e800000] [id=124624]
  0x000001d66403c680 ConcurrentGCThread "G1 Service" [stack: 0x000000974e800000,0x000000974e900000] [id=124680]

Threads with active compile tasks:
C2 CompilerThread0      468  152 %     4       java.util.zip.ZipFile$Source::initCEN @ 240 (591 bytes)
C1 CompilerThread0      468  199       3       java.lang.AbstractStringBuilder::<init> (39 bytes)

VM state: not at safepoint (normal execution)

VM Mutex/Monitor currently owned by a thread: None

Heap address: 0x00000000a0c00000, size: 1524 MB, Compressed Oops mode: 32-bit

CDS archive(s) not mapped
Compressed class space mapped at: 0x0000000100000000-0x0000000140000000, reserved size: 1073741824
Narrow klass base: 0x0000000000000000, Narrow klass shift: 3, Narrow klass range: 0x140000000

GC Precious Log:
 CPUs: 8 total, 8 available
 Memory: 6091M
 Large Page Support: Disabled
 NUMA Support: Disabled
 Compressed Oops: Enabled (32-bit)
 Heap Region Size: 1M
 Heap Min Capacity: 8M
 Heap Initial Capacity: 96M
 Heap Max Capacity: 1524M
 Pre-touch: Disabled
 Parallel Workers: 8
 Concurrent Workers: 2
 Concurrent Refinement Workers: 8
 Periodic GC: Disabled

Heap:
 garbage-first heap   total 98304K, used 19456K [0x00000000a0c00000, 0x0000000100000000)
  region size 1024K, 3 young (3072K), 0 survivors (0K)
 Metaspace       used 6941K, committed 7168K, reserved 1056768K
  class space    used 605K, committed 704K, reserved 1048576K

Heap Regions: E=young(eden), S=young(survivor), O=old, HS=humongous(starts), HC=humongous(continues), CS=collection set, F=free, OA=open archive, CA=closed archive, TAMS=top-at-mark-start (previous, next)
|   0|0x00000000a0c00000, 0x00000000a0d00000, 0x00000000a0d00000|100%|HS|  |TAMS 0x00000000a0c00000, 0x00000000a0c00000| Complete 
|   1|0x00000000a0d00000, 0x00000000a0e00000, 0x00000000a0e00000|100%|HC|  |TAMS 0x00000000a0d00000, 0x00000000a0d00000| Complete 
|   2|0x00000000a0e00000, 0x00000000a0f00000, 0x00000000a0f00000|100%|HC|  |TAMS 0x00000000a0e00000, 0x00000000a0e00000| Complete 
|   3|0x00000000a0f00000, 0x00000000a1000000, 0x00000000a1000000|100%|HC|  |TAMS 0x00000000a0f00000, 0x00000000a0f00000| Complete 
|   4|0x00000000a1000000, 0x00000000a1100000, 0x00000000a1100000|100%|HC|  |TAMS 0x00000000a1000000, 0x00000000a1000000| Complete 
|   5|0x00000000a1100000, 0x00000000a1200000, 0x00000000a1200000|100%|HC|  |TAMS 0x00000000a1100000, 0x00000000a1100000| Complete 
|   6|0x00000000a1200000, 0x00000000a1300000, 0x00000000a1300000|100%|HC|  |TAMS 0x00000000a1200000, 0x00000000a1200000| Complete 
|   7|0x00000000a1300000, 0x00000000a1400000, 0x00000000a1400000|100%|HC|  |TAMS 0x00000000a1300000, 0x00000000a1300000| Complete 
|   8|0x00000000a1400000, 0x00000000a1500000, 0x00000000a1500000|100%|HC|  |TAMS 0x00000000a1400000, 0x00000000a1400000| Complete 
|   9|0x00000000a1500000, 0x00000000a1600000, 0x00000000a1600000|100%|HC|  |TAMS 0x00000000a1500000, 0x00000000a1500000| Complete 
|  10|0x00000000a1600000, 0x00000000a1700000, 0x00000000a1700000|100%|HC|  |TAMS 0x00000000a1600000, 0x00000000a1600000| Complete 
|  11|0x00000000a1700000, 0x00000000a1800000, 0x00000000a1800000|100%|HC|  |TAMS 0x00000000a1700000, 0x00000000a1700000| Complete 
|  12|0x00000000a1800000, 0x00000000a1900000, 0x00000000a1900000|100%|HS|  |TAMS 0x00000000a1800000, 0x00000000a1800000| Complete 
|  13|0x00000000a1900000, 0x00000000a1a00000, 0x00000000a1a00000|100%|HC|  |TAMS 0x00000000a1900000, 0x00000000a1900000| Complete 
|  14|0x00000000a1a00000, 0x00000000a1b00000, 0x00000000a1b00000|100%|HS|  |TAMS 0x00000000a1a00000, 0x00000000a1a00000| Complete 
|  15|0x00000000a1b00000, 0x00000000a1c00000, 0x00000000a1c00000|100%|HC|  |TAMS 0x00000000a1b00000, 0x00000000a1b00000| Complete 
|  16|0x00000000a1c00000, 0x00000000a1d00000, 0x00000000a1d00000|100%|HC|  |TAMS 0x00000000a1c00000, 0x00000000a1c00000| Complete 
|  17|0x00000000a1d00000, 0x00000000a1d00000, 0x00000000a1e00000|  0%| F|  |TAMS 0x00000000a1d00000, 0x00000000a1d00000| Untracked 
|  18|0x00000000a1e00000, 0x00000000a1e00000, 0x00000000a1f00000|  0%| F|  |TAMS 0x00000000a1e00000, 0x00000000a1e00000| Untracked 
|  19|0x00000000a1f00000, 0x00000000a1f00000, 0x00000000a2000000|  0%| F|  |TAMS 0x00000000a1f00000, 0x00000000a1f00000| Untracked 
|  20|0x00000000a2000000, 0x00000000a2000000, 0x00000000a2100000|  0%| F|  |TAMS 0x00000000a2000000, 0x00000000a2000000| Untracked 
|  21|0x00000000a2100000, 0x00000000a2100000, 0x00000000a2200000|  0%| F|  |TAMS 0x00000000a2100000, 0x00000000a2100000| Untracked 
|  22|0x00000000a2200000, 0x00000000a2200000, 0x00000000a2300000|  0%| F|  |TAMS 0x00000000a2200000, 0x00000000a2200000| Untracked 
|  23|0x00000000a2300000, 0x00000000a2300000, 0x00000000a2400000|  0%| F|  |TAMS 0x00000000a2300000, 0x00000000a2300000| Untracked 
|  24|0x00000000a2400000, 0x00000000a2400000, 0x00000000a2500000|  0%| F|  |TAMS 0x00000000a2400000, 0x00000000a2400000| Untracked 
|  25|0x00000000a2500000, 0x00000000a2500000, 0x00000000a2600000|  0%| F|  |TAMS 0x00000000a2500000, 0x00000000a2500000| Untracked 
|  26|0x00000000a2600000, 0x00000000a2600000, 0x00000000a2700000|  0%| F|  |TAMS 0x00000000a2600000, 0x00000000a2600000| Untracked 
|  27|0x00000000a2700000, 0x00000000a2700000, 0x00000000a2800000|  0%| F|  |TAMS 0x00000000a2700000, 0x00000000a2700000| Untracked 
|  28|0x00000000a2800000, 0x00000000a2800000, 0x00000000a2900000|  0%| F|  |TAMS 0x00000000a2800000, 0x00000000a2800000| Untracked 
|  29|0x00000000a2900000, 0x00000000a2900000, 0x00000000a2a00000|  0%| F|  |TAMS 0x00000000a2900000, 0x00000000a2900000| Untracked 
|  30|0x00000000a2a00000, 0x00000000a2a00000, 0x00000000a2b00000|  0%| F|  |TAMS 0x00000000a2a00000, 0x00000000a2a00000| Untracked 
|  31|0x00000000a2b00000, 0x00000000a2b00000, 0x00000000a2c00000|  0%| F|  |TAMS 0x00000000a2b00000, 0x00000000a2b00000| Untracked 
|  32|0x00000000a2c00000, 0x00000000a2c00000, 0x00000000a2d00000|  0%| F|  |TAMS 0x00000000a2c00000, 0x00000000a2c00000| Untracked 
|  33|0x00000000a2d00000, 0x00000000a2d00000, 0x00000000a2e00000|  0%| F|  |TAMS 0x00000000a2d00000, 0x00000000a2d00000| Untracked 
|  34|0x00000000a2e00000, 0x00000000a2e00000, 0x00000000a2f00000|  0%| F|  |TAMS 0x00000000a2e00000, 0x00000000a2e00000| Untracked 
|  35|0x00000000a2f00000, 0x00000000a2f00000, 0x00000000a3000000|  0%| F|  |TAMS 0x00000000a2f00000, 0x00000000a2f00000| Untracked 
|  36|0x00000000a3000000, 0x00000000a3000000, 0x00000000a3100000|  0%| F|  |TAMS 0x00000000a3000000, 0x00000000a3000000| Untracked 
|  37|0x00000000a3100000, 0x00000000a3100000, 0x00000000a3200000|  0%| F|  |TAMS 0x00000000a3100000, 0x00000000a3100000| Untracked 
|  38|0x00000000a3200000, 0x00000000a3200000, 0x00000000a3300000|  0%| F|  |TAMS 0x00000000a3200000, 0x00000000a3200000| Untracked 
|  39|0x00000000a3300000, 0x00000000a3300000, 0x00000000a3400000|  0%| F|  |TAMS 0x00000000a3300000, 0x00000000a3300000| Untracked 
|  40|0x00000000a3400000, 0x00000000a3400000, 0x00000000a3500000|  0%| F|  |TAMS 0x00000000a3400000, 0x00000000a3400000| Untracked 
|  41|0x00000000a3500000, 0x00000000a3500000, 0x00000000a3600000|  0%| F|  |TAMS 0x00000000a3500000, 0x00000000a3500000| Untracked 
|  42|0x00000000a3600000, 0x00000000a3600000, 0x00000000a3700000|  0%| F|  |TAMS 0x00000000a3600000, 0x00000000a3600000| Untracked 
|  43|0x00000000a3700000, 0x00000000a3700000, 0x00000000a3800000|  0%| F|  |TAMS 0x00000000a3700000, 0x00000000a3700000| Untracked 
|  44|0x00000000a3800000, 0x00000000a3800000, 0x00000000a3900000|  0%| F|  |TAMS 0x00000000a3800000, 0x00000000a3800000| Untracked 
|  45|0x00000000a3900000, 0x00000000a3900000, 0x00000000a3a00000|  0%| F|  |TAMS 0x00000000a3900000, 0x00000000a3900000| Untracked 
|  46|0x00000000a3a00000, 0x00000000a3a00000, 0x00000000a3b00000|  0%| F|  |TAMS 0x00000000a3a00000, 0x00000000a3a00000| Untracked 
|  47|0x00000000a3b00000, 0x00000000a3b00000, 0x00000000a3c00000|  0%| F|  |TAMS 0x00000000a3b00000, 0x00000000a3b00000| Untracked 
|  48|0x00000000a3c00000, 0x00000000a3c00000, 0x00000000a3d00000|  0%| F|  |TAMS 0x00000000a3c00000, 0x00000000a3c00000| Untracked 
|  49|0x00000000a3d00000, 0x00000000a3d00000, 0x00000000a3e00000|  0%| F|  |TAMS 0x00000000a3d00000, 0x00000000a3d00000| Untracked 
|  50|0x00000000a3e00000, 0x00000000a3e00000, 0x00000000a3f00000|  0%| F|  |TAMS 0x00000000a3e00000, 0x00000000a3e00000| Untracked 
|  51|0x00000000a3f00000, 0x00000000a3f00000, 0x00000000a4000000|  0%| F|  |TAMS 0x00000000a3f00000, 0x00000000a3f00000| Untracked 
|  52|0x00000000a4000000, 0x00000000a4000000, 0x00000000a4100000|  0%| F|  |TAMS 0x00000000a4000000, 0x00000000a4000000| Untracked 
|  53|0x00000000a4100000, 0x00000000a4100000, 0x00000000a4200000|  0%| F|  |TAMS 0x00000000a4100000, 0x00000000a4100000| Untracked 
|  54|0x00000000a4200000, 0x00000000a4200000, 0x00000000a4300000|  0%| F|  |TAMS 0x00000000a4200000, 0x00000000a4200000| Untracked 
|  55|0x00000000a4300000, 0x00000000a4300000, 0x00000000a4400000|  0%| F|  |TAMS 0x00000000a4300000, 0x00000000a4300000| Untracked 
|  56|0x00000000a4400000, 0x00000000a4400000, 0x00000000a4500000|  0%| F|  |TAMS 0x00000000a4400000, 0x00000000a4400000| Untracked 
|  57|0x00000000a4500000, 0x00000000a4500000, 0x00000000a4600000|  0%| F|  |TAMS 0x00000000a4500000, 0x00000000a4500000| Untracked 
|  58|0x00000000a4600000, 0x00000000a4600000, 0x00000000a4700000|  0%| F|  |TAMS 0x00000000a4600000, 0x00000000a4600000| Untracked 
|  59|0x00000000a4700000, 0x00000000a4700000, 0x00000000a4800000|  0%| F|  |TAMS 0x00000000a4700000, 0x00000000a4700000| Untracked 
|  60|0x00000000a4800000, 0x00000000a4800000, 0x00000000a4900000|  0%| F|  |TAMS 0x00000000a4800000, 0x00000000a4800000| Untracked 
|  61|0x00000000a4900000, 0x00000000a4900000, 0x00000000a4a00000|  0%| F|  |TAMS 0x00000000a4900000, 0x00000000a4900000| Untracked 
|  62|0x00000000a4a00000, 0x00000000a4a00000, 0x00000000a4b00000|  0%| F|  |TAMS 0x00000000a4a00000, 0x00000000a4a00000| Untracked 
|  63|0x00000000a4b00000, 0x00000000a4b00000, 0x00000000a4c00000|  0%| F|  |TAMS 0x00000000a4b00000, 0x00000000a4b00000| Untracked 
|  64|0x00000000a4c00000, 0x00000000a4c00000, 0x00000000a4d00000|  0%| F|  |TAMS 0x00000000a4c00000, 0x00000000a4c00000| Untracked 
|  65|0x00000000a4d00000, 0x00000000a4d00000, 0x00000000a4e00000|  0%| F|  |TAMS 0x00000000a4d00000, 0x00000000a4d00000| Untracked 
|  66|0x00000000a4e00000, 0x00000000a4e00000, 0x00000000a4f00000|  0%| F|  |TAMS 0x00000000a4e00000, 0x00000000a4e00000| Untracked 
|  67|0x00000000a4f00000, 0x00000000a4f00000, 0x00000000a5000000|  0%| F|  |TAMS 0x00000000a4f00000, 0x00000000a4f00000| Untracked 
|  68|0x00000000a5000000, 0x00000000a5000000, 0x00000000a5100000|  0%| F|  |TAMS 0x00000000a5000000, 0x00000000a5000000| Untracked 
|  69|0x00000000a5100000, 0x00000000a5100000, 0x00000000a5200000|  0%| F|  |TAMS 0x00000000a5100000, 0x00000000a5100000| Untracked 
|  70|0x00000000a5200000, 0x00000000a5200000, 0x00000000a5300000|  0%| F|  |TAMS 0x00000000a5200000, 0x00000000a5200000| Untracked 
|  71|0x00000000a5300000, 0x00000000a5300000, 0x00000000a5400000|  0%| F|  |TAMS 0x00000000a5300000, 0x00000000a5300000| Untracked 
|  72|0x00000000a5400000, 0x00000000a5400000, 0x00000000a5500000|  0%| F|  |TAMS 0x00000000a5400000, 0x00000000a5400000| Untracked 
|  73|0x00000000a5500000, 0x00000000a5500000, 0x00000000a5600000|  0%| F|  |TAMS 0x00000000a5500000, 0x00000000a5500000| Untracked 
|  74|0x00000000a5600000, 0x00000000a5600000, 0x00000000a5700000|  0%| F|  |TAMS 0x00000000a5600000, 0x00000000a5600000| Untracked 
|  75|0x00000000a5700000, 0x00000000a5700000, 0x00000000a5800000|  0%| F|  |TAMS 0x00000000a5700000, 0x00000000a5700000| Untracked 
|  76|0x00000000a5800000, 0x00000000a5800000, 0x00000000a5900000|  0%| F|  |TAMS 0x00000000a5800000, 0x00000000a5800000| Untracked 
|  77|0x00000000a5900000, 0x00000000a5900000, 0x00000000a5a00000|  0%| F|  |TAMS 0x00000000a5900000, 0x00000000a5900000| Untracked 
|  78|0x00000000a5a00000, 0x00000000a5a00000, 0x00000000a5b00000|  0%| F|  |TAMS 0x00000000a5a00000, 0x00000000a5a00000| Untracked 
|  79|0x00000000a5b00000, 0x00000000a5b00000, 0x00000000a5c00000|  0%| F|  |TAMS 0x00000000a5b00000, 0x00000000a5b00000| Untracked 
|  80|0x00000000a5c00000, 0x00000000a5c00000, 0x00000000a5d00000|  0%| F|  |TAMS 0x00000000a5c00000, 0x00000000a5c00000| Untracked 
|  81|0x00000000a5d00000, 0x00000000a5d00000, 0x00000000a5e00000|  0%| F|  |TAMS 0x00000000a5d00000, 0x00000000a5d00000| Untracked 
|  82|0x00000000a5e00000, 0x00000000a5e00000, 0x00000000a5f00000|  0%| F|  |TAMS 0x00000000a5e00000, 0x00000000a5e00000| Untracked 
|  83|0x00000000a5f00000, 0x00000000a5f00000, 0x00000000a6000000|  0%| F|  |TAMS 0x00000000a5f00000, 0x00000000a5f00000| Untracked 
|  84|0x00000000a6000000, 0x00000000a6000000, 0x00000000a6100000|  0%| F|  |TAMS 0x00000000a6000000, 0x00000000a6000000| Untracked 
|  85|0x00000000a6100000, 0x00000000a6100000, 0x00000000a6200000|  0%| F|  |TAMS 0x00000000a6100000, 0x00000000a6100000| Untracked 
|  86|0x00000000a6200000, 0x00000000a6200000, 0x00000000a6300000|  0%| F|  |TAMS 0x00000000a6200000, 0x00000000a6200000| Untracked 
|  87|0x00000000a6300000, 0x00000000a6300000, 0x00000000a6400000|  0%| F|  |TAMS 0x00000000a6300000, 0x00000000a6300000| Untracked 
|  88|0x00000000a6400000, 0x00000000a6400000, 0x00000000a6500000|  0%| F|  |TAMS 0x00000000a6400000, 0x00000000a6400000| Untracked 
|  89|0x00000000a6500000, 0x00000000a6500000, 0x00000000a6600000|  0%| F|  |TAMS 0x00000000a6500000, 0x00000000a6500000| Untracked 
|  90|0x00000000a6600000, 0x00000000a6600000, 0x00000000a6700000|  0%| F|  |TAMS 0x00000000a6600000, 0x00000000a6600000| Untracked 
|  91|0x00000000a6700000, 0x00000000a6700000, 0x00000000a6800000|  0%| F|  |TAMS 0x00000000a6700000, 0x00000000a6700000| Untracked 
|  92|0x00000000a6800000, 0x00000000a6800000, 0x00000000a6900000|  0%| F|  |TAMS 0x00000000a6800000, 0x00000000a6800000| Untracked 
|  93|0x00000000a6900000, 0x00000000a69764d8, 0x00000000a6a00000| 46%| E|  |TAMS 0x00000000a6900000, 0x00000000a6900000| Complete 
|  94|0x00000000a6a00000, 0x00000000a6b00000, 0x00000000a6b00000|100%| E|CS|TAMS 0x00000000a6a00000, 0x00000000a6a00000| Complete 
|  95|0x00000000a6b00000, 0x00000000a6c00000, 0x00000000a6c00000|100%| E|CS|TAMS 0x00000000a6b00000, 0x00000000a6b00000| Complete 

Card table byte_map: [0x000001d676d10000,0x000001d677010000] _byte_map_base: 0x000001d67680a000

Marking Bits (Prev, Next): (CMBitMap*) 0x000001d663fbba50, (CMBitMap*) 0x000001d663fbba90
 Prev Bits: [0x000001d677310000, 0x000001d678ae0000)
 Next Bits: [0x000001d678ae0000, 0x000001d67a2b0000)

Polling page: 0x000001d661f30000

Metaspace:

Usage:
  Non-class:      6.23 MB used.
      Class:    612.32 KB used.
       Both:      6.83 MB used.

Virtual space:
  Non-class space:        8.00 MB reserved,       6.31 MB ( 79%) committed,  1 nodes.
      Class space:        1.00 GB reserved,     704.00 KB ( <1%) committed,  1 nodes.
             Both:        1.01 GB reserved,       7.00 MB ( <1%) committed. 

Chunk freelists:
   Non-Class:  1022.00 KB
       Class:  3.23 MB
        Both:  4.23 MB

MaxMetaspaceSize: unlimited
CompressedClassSpaceSize: 1.00 GB
Initial GC threshold: 21.00 MB
Current GC threshold: 21.00 MB
CDS: off
MetaspaceReclaimPolicy: balanced
 - commit_granule_bytes: 65536.
 - commit_granule_words: 8192.
 - virtual_space_node_default_size: 1048576.
 - enlarge_chunks_in_place: 1.
 - new_chunks_are_fully_committed: 0.
 - uncommit_free_chunks: 1.
 - use_allocation_guard: 0.
 - handle_deallocations: 1.


Internal statistics:

num_allocs_failed_limit: 0.
num_arena_births: 8.
num_arena_deaths: 0.
num_vsnodes_births: 2.
num_vsnodes_deaths: 0.
num_space_committed: 112.
num_space_uncommitted: 0.
num_chunks_returned_to_freelist: 0.
num_chunks_taken_from_freelist: 32.
num_chunk_merges: 0.
num_chunk_splits: 15.
num_chunks_enlarged: 6.
num_purges: 0.
num_inconsistent_stats: 0.

CodeHeap 'non-profiled nmethods': size=120000Kb used=51Kb max_used=51Kb free=119948Kb
 bounds [0x000001d66f1b0000, 0x000001d66f420000, 0x000001d6766e0000]
CodeHeap 'profiled nmethods': size=120000Kb used=309Kb max_used=309Kb free=119690Kb
 bounds [0x000001d667c80000, 0x000001d667ef0000, 0x000001d66f1b0000]
CodeHeap 'non-nmethods': size=5760Kb used=1101Kb max_used=1103Kb free=4658Kb
 bounds [0x000001d6676e0000, 0x000001d667950000, 0x000001d667c80000]
 total_blobs=585 nmethods=208 adapters=290
 compilation: enabled
              stopped_count=0, restarted_count=0
 full_count=0

Compilation events (20 events):
Event: 0.399 Thread 0x000001d67d822810  143       3       java.nio.Buffer::checkIndex (22 bytes)
Event: 0.399 Thread 0x000001d67d822810 nmethod 143 0x000001d667cb3710 code [0x000001d667cb38c0, 0x000001d667cb3ac8]
Event: 0.399 Thread 0x000001d67d822810  144       3       java.lang.System::getSecurityManager (12 bytes)
Event: 0.399 Thread 0x000001d67d822810 nmethod 144 0x000001d667cb3b90 code [0x000001d667cb3d20, 0x000001d667cb3e98]
Event: 0.399 Thread 0x000001d67d822810  145   !   3       java.nio.DirectByteBuffer::get (34 bytes)
Event: 0.400 Thread 0x000001d67d822810 nmethod 145 0x000001d667cb3f90 code [0x000001d667cb41c0, 0x000001d667cb49d8]
Event: 0.400 Thread 0x000001d67d822810  146       3       java.nio.DirectByteBuffer::ix (10 bytes)
Event: 0.400 Thread 0x000001d67d822810 nmethod 146 0x000001d667cb4e90 code [0x000001d667cb5020, 0x000001d667cb5138]
Event: 0.400 Thread 0x000001d67d822810  147   !   3       jdk.internal.misc.ScopedMemoryAccess::getByte (20 bytes)
Event: 0.401 Thread 0x000001d67d822810 nmethod 147 0x000001d667cb5210 code [0x000001d667cb53e0, 0x000001d667cb5878]
Event: 0.401 Thread 0x000001d67d822810  148   !   3       jdk.internal.misc.ScopedMemoryAccess::getByteInternal (36 bytes)
Event: 0.401 Thread 0x000001d67d822810 nmethod 148 0x000001d667cb5a90 code [0x000001d667cb5c40, 0x000001d667cb5ea8]
Event: 0.401 Thread 0x000001d67d822810  150       3       java.lang.StringBuilder::append (8 bytes)
Event: 0.401 Thread 0x000001d67d822810 nmethod 150 0x000001d667cb6010 code [0x000001d667cb61a0, 0x000001d667cb62e8]
Event: 0.424 Thread 0x000001d67d822810  151 %     3       java.util.Arrays::fill @ 5 (21 bytes)
Event: 0.424 Thread 0x000001d67d822810 nmethod 151% 0x000001d667cb6390 code [0x000001d667cb6540, 0x000001d667cb6778]
Event: 0.424 Thread 0x000001d67d821680  152 %     4       java.util.zip.ZipFile$Source::initCEN @ 240 (591 bytes)
Event: 0.433 Thread 0x000001d67d822810  154       3       java.lang.String::getBytes (46 bytes)
Event: 0.433 Thread 0x000001d67d822810 nmethod 154 0x000001d667cb6890 code [0x000001d667cb6a60, 0x000001d667cb6d78]
Event: 0.433 Thread 0x000001d67d822810  155       3       jdk.internal.misc.Unsafe::putReferenceRelease (9 bytes)

GC Heap History (0 events):
No events

Dll operation events (2 events):
Event: 0.025 Loaded shared library C:\Program Files\JetBrains\PhpStorm 2022.3.1\jbr\bin\java.dll
Event: 0.382 Loaded shared library C:\Program Files\JetBrains\PhpStorm 2022.3.1\jbr\bin\verify.dll

Deoptimization events (20 events):
Event: 0.333 Thread 0x000001d661dccf80 DEOPT PACKING pc=0x000001d667c96c0c sp=0x000000974e3fa520
Event: 0.333 Thread 0x000001d661dccf80 DEOPT UNPACKING pc=0x000001d667732b43 sp=0x000000974e3f99b0 mode 0
Event: 0.333 Thread 0x000001d661dccf80 DEOPT PACKING pc=0x000001d667c96c0c sp=0x000000974e3fa520
Event: 0.333 Thread 0x000001d661dccf80 DEOPT UNPACKING pc=0x000001d667732b43 sp=0x000000974e3f99b0 mode 0
Event: 0.333 Thread 0x000001d661dccf80 DEOPT PACKING pc=0x000001d667c96c0c sp=0x000000974e3fa520
Event: 0.333 Thread 0x000001d661dccf80 DEOPT UNPACKING pc=0x000001d667732b43 sp=0x000000974e3f99b0 mode 0
Event: 0.333 Thread 0x000001d661dccf80 DEOPT PACKING pc=0x000001d667c96c0c sp=0x000000974e3fa520
Event: 0.333 Thread 0x000001d661dccf80 DEOPT UNPACKING pc=0x000001d667732b43 sp=0x000000974e3f99b0 mode 0
Event: 0.333 Thread 0x000001d661dccf80 DEOPT PACKING pc=0x000001d667c96c0c sp=0x000000974e3fa520
Event: 0.333 Thread 0x000001d661dccf80 DEOPT UNPACKING pc=0x000001d667732b43 sp=0x000000974e3f99b0 mode 0
Event: 0.333 Thread 0x000001d661dccf80 DEOPT PACKING pc=0x000001d667c96c0c sp=0x000000974e3fa520
Event: 0.333 Thread 0x000001d661dccf80 DEOPT UNPACKING pc=0x000001d667732b43 sp=0x000000974e3f99b0 mode 0
Event: 0.333 Thread 0x000001d661dccf80 DEOPT PACKING pc=0x000001d667c96c0c sp=0x000000974e3fa520
Event: 0.333 Thread 0x000001d661dccf80 DEOPT UNPACKING pc=0x000001d667732b43 sp=0x000000974e3f99b0 mode 0
Event: 0.333 Thread 0x000001d661dccf80 DEOPT PACKING pc=0x000001d667c96c0c sp=0x000000974e3fa520
Event: 0.333 Thread 0x000001d661dccf80 DEOPT UNPACKING pc=0x000001d667732b43 sp=0x000000974e3f99b0 mode 0
Event: 0.334 Thread 0x000001d661dccf80 Uncommon trap: trap_request=0xffffff45 fr.pc=0x000001d66f1b3ef8 relative=0x0000000000000158
Event: 0.334 Thread 0x000001d661dccf80 Uncommon trap: reason=unstable_if action=reinterpret pc=0x000001d66f1b3ef8 method=java.util.zip.ZipFile$Source.isMetaName([BII)Z @ 3 c2
Event: 0.334 Thread 0x000001d661dccf80 DEOPT PACKING pc=0x000001d66f1b3ef8 sp=0x000000974e3fa650
Event: 0.334 Thread 0x000001d661dccf80 DEOPT UNPACKING pc=0x000001d6677323a3 sp=0x000000974e3fa5f8 mode 2

Classes unloaded (0 events):
No events

Classes redefined (0 events):
No events

Internal exceptions (0 events):
No events

VM Operations (4 events):
Event: 0.354 Executing VM operation: HandshakeAllThreads
Event: 0.354 Executing VM operation: HandshakeAllThreads done
Event: 0.354 Executing VM operation: HandshakeAllThreads
Event: 0.354 Executing VM operation: HandshakeAllThreads done

Events (20 events):
Event: 0.429 loading class org/xml/sax/ErrorHandler done
Event: 0.429 loading class org/xml/sax/HandlerBase done
Event: 0.430 loading class org/xml/sax/SAXException
Event: 0.430 loading class org/xml/sax/SAXException done
Event: 0.430 loading class org/xml/sax/SAXParseException
Event: 0.430 loading class org/xml/sax/SAXParseException done
Event: 0.431 loading class java/lang/NoSuchMethodError
Event: 0.431 loading class java/lang/IncompatibleClassChangeError
Event: 0.431 loading class java/lang/IncompatibleClassChangeError done
Event: 0.431 loading class java/lang/NoSuchMethodError done
Event: 0.431 loading class java/lang/SecurityException
Event: 0.431 loading class java/lang/SecurityException done
Event: 0.431 loading class java/io/Reader
Event: 0.432 loading class java/io/Reader done
Event: 0.432 loading class java/io/InputStreamReader
Event: 0.432 loading class java/io/InputStreamReader done
Event: 0.433 loading class org/xml/sax/Parser
Event: 0.433 loading class org/xml/sax/Parser done
Event: 0.433 loading class org/xml/sax/Locator
Event: 0.433 loading class org/xml/sax/Locator done


Dynamic libraries:
0x00007ff7d97a0000 - 0x00007ff7d97aa000 	C:\Program Files\JetBrains\PhpStorm 2022.3.1\jbr\bin\java.exe
0x00007ffb73490000 - 0x00007ffb73688000 	C:\WINDOWS\SYSTEM32\ntdll.dll
0x00007ffb715f0000 - 0x00007ffb716af000 	C:\WINDOWS\System32\KERNEL32.DLL
0x00007ffb70c10000 - 0x00007ffb70f06000 	C:\WINDOWS\System32\KERNELBASE.dll
0x00007ffb711c0000 - 0x00007ffb712c0000 	C:\WINDOWS\System32\ucrtbase.dll
0x00007ffb36bb0000 - 0x00007ffb36bc7000 	C:\Program Files\JetBrains\PhpStorm 2022.3.1\jbr\bin\jli.dll
0x00007ffb44be0000 - 0x00007ffb44bfb000 	C:\Program Files\JetBrains\PhpStorm 2022.3.1\jbr\bin\VCRUNTIME140.dll
0x00007ffb71750000 - 0x00007ffb718ed000 	C:\WINDOWS\System32\USER32.dll
0x00007ffb71030000 - 0x00007ffb71052000 	C:\WINDOWS\System32\win32u.dll
0x00007ffb719c0000 - 0x00007ffb719ec000 	C:\WINDOWS\System32\GDI32.dll
0x00007ffb70f10000 - 0x00007ffb71025000 	C:\WINDOWS\System32\gdi32full.dll
0x00007ffb70b70000 - 0x00007ffb70c0d000 	C:\WINDOWS\System32\msvcp_win.dll
0x00007ffb5eac0000 - 0x00007ffb5ed5a000 	C:\WINDOWS\WinSxS\amd64_microsoft.windows.common-controls_6595b64144ccf1df_6.0.19041.1110_none_60b5254171f9507e\COMCTL32.dll
0x00007ffb725d0000 - 0x00007ffb7266e000 	C:\WINDOWS\System32\msvcrt.dll
0x00007ffb71a80000 - 0x00007ffb71ab0000 	C:\WINDOWS\System32\IMM32.DLL
0x00007ffb6a3d0000 - 0x00007ffb6a3dc000 	C:\Program Files\JetBrains\PhpStorm 2022.3.1\jbr\bin\vcruntime140_1.dll
0x00007ffb37760000 - 0x00007ffb377ed000 	C:\Program Files\JetBrains\PhpStorm 2022.3.1\jbr\bin\msvcp140.dll
0x00007ffb2a140000 - 0x00007ffb2adab000 	C:\Program Files\JetBrains\PhpStorm 2022.3.1\jbr\bin\server\jvm.dll
0x00007ffb72840000 - 0x00007ffb728ef000 	C:\WINDOWS\System32\ADVAPI32.dll
0x00007ffb716b0000 - 0x00007ffb7174c000 	C:\WINDOWS\System32\sechost.dll
0x00007ffb73320000 - 0x00007ffb73446000 	C:\WINDOWS\System32\RPCRT4.dll
0x00007ffb58840000 - 0x00007ffb58849000 	C:\WINDOWS\SYSTEM32\WSOCK32.dll
0x00007ffb72750000 - 0x00007ffb727bb000 	C:\WINDOWS\System32\WS2_32.dll
0x00007ffb67e90000 - 0x00007ffb67eb7000 	C:\WINDOWS\SYSTEM32\WINMM.dll
0x00007ffb67ec0000 - 0x00007ffb67eca000 	C:\WINDOWS\SYSTEM32\VERSION.dll
0x00007ffb6e9f0000 - 0x00007ffb6ea02000 	C:\WINDOWS\SYSTEM32\kernel.appcore.dll
0x00007ffb671b0000 - 0x00007ffb671ba000 	C:\Program Files\JetBrains\PhpStorm 2022.3.1\jbr\bin\jimage.dll
0x00007ffb64a30000 - 0x00007ffb64c14000 	C:\WINDOWS\SYSTEM32\DBGHELP.DLL
0x00007ffb67e30000 - 0x00007ffb67e64000 	C:\WINDOWS\SYSTEM32\dbgcore.DLL
0x00007ffb71460000 - 0x00007ffb714e2000 	C:\WINDOWS\System32\bcryptPrimitives.dll
0x00007ffb61030000 - 0x00007ffb61055000 	C:\Program Files\JetBrains\PhpStorm 2022.3.1\jbr\bin\java.dll
0x00007ffb61b80000 - 0x00007ffb61b98000 	C:\Program Files\JetBrains\PhpStorm 2022.3.1\jbr\bin\zip.dll
0x00007ffb728f0000 - 0x00007ffb73034000 	C:\WINDOWS\System32\SHELL32.dll
0x00007ffb6ebf0000 - 0x00007ffb6f383000 	C:\WINDOWS\SYSTEM32\windows.storage.dll
0x00007ffb72030000 - 0x00007ffb72384000 	C:\WINDOWS\System32\combase.dll
0x00007ffb704f0000 - 0x00007ffb7051e000 	C:\WINDOWS\SYSTEM32\Wldp.dll
0x00007ffb71f80000 - 0x00007ffb7202d000 	C:\WINDOWS\System32\SHCORE.dll
0x00007ffb727c0000 - 0x00007ffb72815000 	C:\WINDOWS\System32\shlwapi.dll
0x00007ffb70ab0000 - 0x00007ffb70acf000 	C:\WINDOWS\SYSTEM32\profapi.dll
0x00007ffb60f80000 - 0x00007ffb60f99000 	C:\Program Files\JetBrains\PhpStorm 2022.3.1\jbr\bin\net.dll
0x00007ffb64fd0000 - 0x00007ffb650da000 	C:\WINDOWS\SYSTEM32\WINHTTP.dll
0x00007ffb70250000 - 0x00007ffb702ba000 	C:\WINDOWS\system32\mswsock.dll
0x00007ffb60e60000 - 0x00007ffb60e76000 	C:\Program Files\JetBrains\PhpStorm 2022.3.1\jbr\bin\nio.dll
0x00007ffb66fd0000 - 0x00007ffb66fe0000 	C:\Program Files\JetBrains\PhpStorm 2022.3.1\jbr\bin\verify.dll

dbghelp: loaded successfully - version: 4.0.5 - missing functions: none
symbol engine: initialized successfully - sym options: 0x614 - pdb path: .;C:\Program Files\JetBrains\PhpStorm 2022.3.1\jbr\bin;C:\WINDOWS\SYSTEM32;C:\WINDOWS\WinSxS\amd64_microsoft.windows.common-controls_6595b64144ccf1df_6.0.19041.1110_none_60b5254171f9507e;C:\Program Files\JetBrains\PhpStorm 2022.3.1\jbr\bin\server

VM Arguments:
java_command: git4idea.http.GitAskPassApp Username for 'https://github.com': 
java_class_path (initial): C:/Program Files/JetBrains/PhpStorm 2022.3.1/plugins/vcs-git/lib/git4idea-rt.jar;C:/Program Files/JetBrains/PhpStorm 2022.3.1/lib/externalProcess-rt.jar;C:/Program Files/JetBrains/PhpStorm 2022.3.1/lib/app.jar;C:/Program Files/JetBrains/PhpStorm 2022.3.1/lib/3rd-party-rt.jar
Launcher Type: SUN_STANDARD

[Global flags]
     intx CICompilerCount                          = 4                                         {product} {ergonomic}
     uint ConcGCThreads                            = 2                                         {product} {ergonomic}
     uint G1ConcRefinementThreads                  = 8                                         {product} {ergonomic}
   size_t G1HeapRegionSize                         = 1048576                                   {product} {ergonomic}
    uintx GCDrainStackTargetSize                   = 64                                        {product} {ergonomic}
   size_t InitialHeapSize                          = 100663296                                 {product} {ergonomic}
   size_t MarkStackSize                            = 4194304                                   {product} {ergonomic}
   size_t MaxHeapSize                              = 1598029824                                {product} {ergonomic}
   size_t MaxNewSize                               = 958398464                                 {product} {ergonomic}
   size_t MinHeapDeltaBytes                        = 1048576                                   {product} {ergonomic}
   size_t MinHeapSize                              = 8388608                                   {product} {ergonomic}
    uintx NonNMethodCodeHeapSize                   = 5839372                                {pd product} {ergonomic}
    uintx NonProfiledCodeHeapSize                  = 122909434                              {pd product} {ergonomic}
    uintx ProfiledCodeHeapSize                     = 122909434                              {pd product} {ergonomic}
    uintx ReservedCodeCacheSize                    = 251658240                              {pd product} {ergonomic}
     bool SegmentedCodeCache                       = true                                      {product} {ergonomic}
   size_t SoftMaxHeapSize                          = 1598029824                             {manageable} {ergonomic}
     bool UseCompressedClassPointers               = true                           {product lp64_product} {ergonomic}
     bool UseCompressedOops                        = true                           {product lp64_product} {ergonomic}
     bool UseG1GC                                  = true                                      {product} {ergonomic}
     bool UseLargePagesIndividualAllocation        = false                                  {pd product} {ergonomic}

Logging:
Log output configuration:
 #0: stdout all=warning uptime,level,tags
 #1: stderr all=off uptime,level,tags

Environment Variables:
JAVA_HOME=C:\Program Files\Java\jdk-18.0.2.1
PATH=C:\Program Files\Git\mingw64\libexec\git-core;C:\Program Files\Git\mingw64\libexec\git-core;C:\Program Files\Git\mingw64\bin;C:\Program Files\Git\usr\bin;C:\Users\Ahmed\bin;C:\app\OracleHomeUser1\product\12.2.0\dbhome_1\bin;C:\Program Files\Common Files\Oracle\Java\javapath;C:\WINDOWS\system32;C:\WINDOWS;C:\WINDOWS\System32\Wbem;C:\WINDOWS\System32\WindowsPowerShell\v1.0;C:\WINDOWS\System32\OpenSSH;C:\Program Files\Azure Data Studio\bin;C:\Program Files\Microsoft SQL Server\Client SDK\ODBC\170\Tools\Binn;C:\Program Files (x86)\Microsoft SQL Server\150\Tools\Binn;C:\Program Files\Microsoft SQL Server\150\Tools\Binn;C:\Program Files\Microsoft SQL Server\150\DTS\Binn;C:\Program Files (x86)\Microsoft SQL Server\150\DTS\Binn;C:\Program Files\Java\jdk-18.0.2.1\bin;C:\Program Files\Git\cmd;C:\Program Files\nodejs;C:\wamp64\bin\php\php7.4.33;C:\ProgramData\ComposerSetup\bin;C:\symfony-cli_windows_amd64;C:\Program Files\Docker\Docker\resources\bin;C:\Users\Ahmed\scoop\shims;C:\Users\Ahmed\AppData\Local\Microsoft\WindowsApps;C:\Program Files\Java\jdk-18.0.2.1\bin;C:\Users\Ahmed\AppData\Local\Programs\Microsoft VS Code\bin;C:\Program Files\Azure Data Studio\bin;C:\Program Files\JetBrains\WebStorm 2022.3\bin;C:\Users\Ahmed\AppData\Roaming\npm;C:\Program Files\JetBrains\PhpStorm 2022.3.1\bin;C:\Users\Ahmed\AppData\Roaming\Composer\vendor\bin
USERNAME=Ahmed
DISPLAY=:0.0
LC_ALL=en_US.UTF-8
TERM=xterm-256color
TMPDIR=C:\Users\Ahmed\AppData\Local\Temp
OS=Windows_NT
PROCESSOR_IDENTIFIER=AMD64 Family 23 Model 24 Stepping 1, AuthenticAMD
TMP=C:\Users\Ahmed\AppData\Local\Temp
TEMP=C:\Users\Ahmed\AppData\Local\Temp



---------------  S Y S T E M  ---------------

OS:
 Windows 10 , 64 bit Build 19041 (10.0.19041.2913)
OS uptime: 1 days 21:17 hours
Hyper-V role detected

CPU: total 8 (initial active 8) (8 cores per cpu, 2 threads per core) family 23 model 24 stepping 1 microcode 0x0, cx8, cmov, fxsr, ht, mmx, 3dnowpref, sse, sse2, sse3, ssse3, sse4a, sse4.1, sse4.2, popcnt, lzcnt, tsc, tscinvbit, avx, avx2, aes, clmul, bmi1, bmi2, adx, sha, fma, vzeroupper, clflush, clflushopt, hv

Memory: 4k page, system-wide physical 6091M (78M free)
TotalPageFile size 24523M (AvailPageFile size 0M)
current process WorkingSet (physical memory assigned to process): 52M, peak: 52M
current process commit charge ("private bytes"): 174M, peak: 174M

vm_info: OpenJDK 64-Bit Server VM (17.0.5+1-b653.23) for windows-amd64 JRE (17.0.5+1-b653.23), built on 2022-12-12 by "builduser" with MS VC++ 16.10 / 16.11 (VS2019)

END.
