#
# There is insufficient memory for the Java Runtime Environment to continue.
# Native memory allocation (mmap) failed to map 1572864 bytes for G1 virtual space
# Possible reasons:
#   The system is out of physical RAM or swap space
#   The process is running with CompressedOops enabled, and the Java Heap may be blocking the growth of the native heap
# Possible solutions:
#   Reduce memory load on the system
#   Increase physical memory or swap space
#   Check if swap backing store is full
#   Decrease Java heap size (-Xmx/-Xms)
#   Decrease number of Java threads
#   Decrease Java thread stack sizes (-Xss)
#   Set larger code cache with -XX:ReservedCodeCacheSize=
#   JVM is running with Unscaled Compressed Oops mode in which the Java heap is
#     placed in the first 4GB address space. The Java Heap base address is the
#     maximum limit for the native heap growth. Please use -XX:HeapBaseMinAddress
#     to set the Java Heap base and to place the Java Heap above 4GB virtual address.
# This output file may be truncated or incomplete.
#
#  Out of Memory Error (os_windows.cpp:3760), pid=33256, tid=36308
#
# JRE version:  (17.0.5+1) (build )
# Java VM: OpenJDK 64-Bit Server VM (17.0.5+1-b653.23, mixed mode, sharing, tiered, compressed oops, compressed class ptrs, g1 gc, windows-amd64)
# No core dump will be written. Minidumps are not enabled by default on client versions of Windows
#

---------------  S U M M A R Y ------------

Command Line: git4idea.http.GitAskPassApp Username for 'https://github.com': 

Host: AMD Ryzen 5 3500U with Radeon Vega Mobile Gfx  , 8 cores, 5G,  Windows 10 , 64 bit Build 19041 (10.0.19041.2913)
Time: Wed Apr 24 16:28:55 2024 Paris, Madrid (heure duild 19041 (10.0.19041.2913) elapsed time: 0.026562 seconds (0d 0h 0m 0s)

---------------  T H R E A D  ---------------

Current thread (0x00000237f4adf960):  JavaThread "Unknown thread" [_thread_in_vm, id=36308, stack(0x000000884f000000,0x000000884f100000)]

Stack: [0x000000884f000000,0x000000884f100000]
Native frames: (J=compiled Java code, j=interpreted, Vv=VM code, C=native code)
V  [jvm.dll+0x6830ca]
V  [jvm.dll+0x83f4c4]
V  [jvm.dll+0x840c6e]
V  [jvm.dll+0x8412d3]
V  [jvm.dll+0x2490b5]
V  [jvm.dll+0x67ff99]
V  [jvm.dll+0x6744aa]
V  [jvm.dll+0x308f2b]
V  [jvm.dll+0x3103e6]
V  [jvm.dll+0x360168]
V  [jvm.dll+0x36036f]
V  [jvm.dll+0x2df018]
V  [jvm.dll+0x2dff84]
V  [jvm.dll+0x810d91]
V  [jvm.dll+0x36df31]
V  [jvm.dll+0x7f028c]
V  [jvm.dll+0x3f0cbf]
V  [jvm.dll+0x3f2801]
C  [jli.dll+0x526b]
C  [ucrtbase.dll+0x21bb2]
C  [KERNEL32.DLL+0x17614]
C  [ntdll.dll+0x526a1]


---------------  P R O C E S S  ---------------

Threads class SMR info:
_java_thread_list=0x00007ff910488f98, length=0, elements={
}

Java Threads: ( => current thread )

Other Threads:
  0x00000237f4b2b5a0 GCTaskThread "GC Thread#0" [stack: 0x000000884f100000,0x000000884f200000] [id=39772]
  0x00000237f4b38360 ConcurrentGCThread "G1 Main Marker" [stack: 0x000000884f200000,0x000000884f300000] [id=40312]
  0x00000237f4b38d70 ConcurrentGCThread "G1 Conc#0" [stack: 0x000000884f300000,0x000000884f400000] [id=40800]

[error occurred during error reporting (printing all threads), id 0xc0000005, EXCEPTION_ACCESS_VIOLATION (0xc0000005) at pc=0x00007ff90fc3fbd7]

VM state: not at safepoint (not fully initialized)

VM Mutex/Monitor currently owned by a thread:  ([mutex/lock_event])
[0x00000237f29eb420] Heap_lock - owner thread: 0x00000237f4adf960

Heap address: 0x00000000a0c00000, size: 1524 MB, Compressed Oops mode: 32-bit

CDS archive(s) mapped at: [0x0000000000000000-0x0000000000000000-0x0000000000000000), size 0, SharedBaseAddress: 0x0000000800000000, ArchiveRelocationMode: 0.
Narrow klass base: 0x0000000000000000, Narrow klass shift: 0, Narrow klass range: 0x0

GC Precious Log:
<Empty>

Heap:
 garbage-first heap   total 0K, used 0K [0x00000000a0c00000, 0x0000000100000000)
  region size 1024K, 0 young (0K), 0 survivors (0K)

[error occurred during error reporting (printing heap information), id 0xc0000005, EXCEPTION_ACCESS_VIOLATION (0xc0000005) at pc=0x00007ff91002cd59]

GC Heap History (0 events):
No events

Dll operation events (1 events):
Event: 0.013 Loaded shared library C:\Program Files\JetBrains\PhpStorm 2022.3.1\jbr\bin\java.dll

Deoptimization events (0 events):
No events

Classes unloaded (0 events):
No events

Classes redefined (0 events):
No events

Internal exceptions (0 events):
No events

VM Operations (0 events):
No events

Events (0 events):
No events


Dynamic libraries:
0x00007ff719410000 - 0x00007ff71941a000 	C:\Program Files\JetBrains\PhpStorm 2022.3.1\jbr\bin\java.exe
0x00007ff9804d0000 - 0x00007ff9806c8000 	C:\WINDOWS\SYSTEM32\ntdll.dll
0x00007ff97f1e0000 - 0x00007ff97f29f000 	C:\WINDOWS\System32\KERNEL32.DLL
0x00007ff97dbb0000 - 0x00007ff97dea6000 	C:\WINDOWS\System32\KERNELBASE.dll
0x00007ff97deb0000 - 0x00007ff97dfb0000 	C:\WINDOWS\System32\ucrtbase.dll
0x00007ff953900000 - 0x00007ff95391b000 	C:\Program Files\JetBrains\PhpStorm 2022.3.1\jbr\bin\VCRUNTIME140.dll
0x00007ff945b60000 - 0x00007ff945b77000 	C:\Program Files\JetBrains\PhpStorm 2022.3.1\jbr\bin\jli.dll
0x00007ff97e660000 - 0x00007ff97e7fd000 	C:\WINDOWS\System32\USER32.dll
0x00007ff97e020000 - 0x00007ff97e042000 	C:\WINDOWS\System32\win32u.dll
0x00007ff96c220000 - 0x00007ff96c4ba000 	C:\WINDOWS\WinSxS\amd64_microsoft.windows.common-controls_6595b64144ccf1df_6.0.19041.1110_none_60b5254171f9507e\COMCTL32.dll
0x00007ff9802a0000 - 0x00007ff9802cc000 	C:\WINDOWS\System32\GDI32.dll
0x00007ff97f0e0000 - 0x00007ff97f17e000 	C:\WINDOWS\System32\msvcrt.dll
0x00007ff97e2e0000 - 0x00007ff97e3f5000 	C:\WINDOWS\System32\gdi32full.dll
0x00007ff97e240000 - 0x00007ff97e2dd000 	C:\WINDOWS\System32\msvcp_win.dll
0x00007ff980460000 - 0x00007ff980490000 	C:\WINDOWS\System32\IMM32.DLL
0x00007ff977be0000 - 0x00007ff977bec000 	C:\Program Files\JetBrains\PhpStorm 2022.3.1\jbr\bin\vcruntime140_1.dll
0x00007ff943820000 - 0x00007ff9438ad000 	C:\Program Files\JetBrains\PhpStorm 2022.3.1\jbr\bin\msvcp140.dll
0x00007ff90f950000 - 0x00007ff9105bb000 	C:\Program Files\JetBrains\PhpStorm 2022.3.1\jbr\bin\server\jvm.dll
0x00007ff97f610000 - 0x00007ff97f6bf000 	C:\WINDOWS\System32\ADVAPI32.dll
0x00007ff97f4f0000 - 0x00007ff97f58c000 	C:\WINDOWS\System32\sechost.dll
0x00007ff9802d0000 - 0x00007ff9803f6000 	C:\WINDOWS\System32\RPCRT4.dll
0x00007ff95a2f0000 - 0x00007ff95a2f9000 	C:\WINDOWS\SYSTEM32\WSOCK32.dll
0x00007ff976e50000 - 0x00007ff976e5a000 	C:\WINDOWS\SYSTEM32\VERSION.dll
0x00007ff974740000 - 0x00007ff974767000 	C:\WINDOWS\SYSTEM32\WINMM.dll
0x00007ff97f340000 - 0x00007ff97f3ab000 	C:\WINDOWS\System32\WS2_32.dll
0x00007ff97ba30000 - 0x00007ff97ba42000 	C:\WINDOWS\SYSTEM32\kernel.appcore.dll
0x00007ff977110000 - 0x00007ff97711a000 	C:\Program Files\JetBrains\PhpStorm 2022.3.1\jbr\bin\jimage.dll
0x00007ff973910000 - 0x00007ff973af4000 	C:\WINDOWS\SYSTEM32\DBGHELP.DLL
0x00007ff967020000 - 0x00007ff967054000 	C:\WINDOWS\SYSTEM32\dbgcore.DLL
0x00007ff97e1b0000 - 0x00007ff97e232000 	C:\WINDOWS\System32\bcryptPrimitives.dll
0x00007ff94bdc0000 - 0x00007ff94bde5000 	C:\Program Files\JetBrains\PhpStorm 2022.3.1\jbr\bin\java.dll

dbghelp: loaded successfully - version: 4.0.5 - missing functions: none
symbol engine: initialized successfully - sym options: 0x614 - pdb path: .;C:\Program Files\JetBrains\PhpStorm 2022.3.1\jbr\bin;C:\WINDOWS\SYSTEM32;C:\WINDOWS\WinSxS\amd64_microsoft.windows.common-controls_6595b64144ccf1df_6.0.19041.1110_none_60b5254171f9507e;C:\Program Files\JetBrains\PhpStorm 2022.3.1\jbr\bin\server

VM Arguments:
java_command: git4idea.http.GitAskPassApp Username for 'https://github.com': 
java_class_path (initial): C:/Program Files/JetBrains/PhpStorm 2022.3.1/plugins/vcs-git/lib/git4idea-rt.jar;C:/Program Files/JetBrains/PhpStorm 2022.3.1/lib/externalProcess-rt.jar;C:/Program Files/JetBrains/PhpStorm 2022.3.1/lib/app.jar;C:/Program Files/JetBrains/PhpStorm 2022.3.1/lib/3rd-party-rt.jar
Launcher Type: SUN_STANDARD

[Global flags]
     intx CICompilerCount                          = 4                                         {product} {ergonomic}
     uint ConcGCThreads                            = 2                                         {product} {ergonomic}
     uint G1ConcRefinementThreads                  = 8                                         {product} {ergonomic}
   size_t G1HeapRegionSize                         = 1048576                                   {product} {ergonomic}
    uintx GCDrainStackTargetSize                   = 64                                        {product} {ergonomic}
   size_t InitialHeapSize                          = 100663296                                 {product} {ergonomic}
   size_t MarkStackSize                            = 4194304                                   {product} {ergonomic}
   size_t MaxHeapSize                              = 1598029824                                {product} {ergonomic}
   size_t MinHeapDeltaBytes                        = 1048576                                   {product} {ergonomic}
   size_t MinHeapSize                              = 8388608                                   {product} {ergonomic}
    uintx NonNMethodCodeHeapSize                   = 5839372                                {pd product} {ergonomic}
    uintx NonProfiledCodeHeapSize                  = 122909434                              {pd product} {ergonomic}
    uintx ProfiledCodeHeapSize                     = 122909434                              {pd product} {ergonomic}
    uintx ReservedCodeCacheSize                    = 251658240                              {pd product} {ergonomic}
     bool SegmentedCodeCache                       = true                                      {product} {ergonomic}
   size_t SoftMaxHeapSize                          = 1598029824                             {manageable} {ergonomic}
     bool UseCompressedClassPointers               = true                           {product lp64_product} {ergonomic}
     bool UseCompressedOops                        = true                           {product lp64_product} {ergonomic}
     bool UseG1GC                                  = true                                      {product} {ergonomic}
     bool UseLargePagesIndividualAllocation        = false                                  {pd product} {ergonomic}

Logging:
Log output configuration:
 #0: stdout all=warning uptime,level,tags
 #1: stderr all=off uptime,level,tags

Environment Variables:
JAVA_HOME=C:\Program Files\Java\jdk-18.0.2.1
PATH=C:\Program Files\Git\mingw64\libexec\git-core;C:\Program Files\Git\mingw64\libexec\git-core;C:\Program Files\Git\mingw64\bin;C:\Program Files\Git\usr\bin;C:\Users\Ahmed\bin;C:\app\OracleHomeUser1\product\12.2.0\dbhome_1\bin;C:\Program Files\Common Files\Oracle\Java\javapath;C:\WINDOWS\system32;C:\WINDOWS;C:\WINDOWS\System32\Wbem;C:\WINDOWS\System32\WindowsPowerShell\v1.0;C:\WINDOWS\System32\OpenSSH;C:\Program Files\Azure Data Studio\bin;C:\Program Files\Microsoft SQL Server\Client SDK\ODBC\170\Tools\Binn;C:\Program Files (x86)\Microsoft SQL Server\150\Tools\Binn;C:\Program Files\Microsoft SQL Server\150\Tools\Binn;C:\Program Files\Microsoft SQL Server\150\DTS\Binn;C:\Program Files (x86)\Microsoft SQL Server\150\DTS\Binn;C:\Program Files\Java\jdk-18.0.2.1\bin;C:\Program Files\Git\cmd;C:\Program Files\nodejs;C:\wamp64\bin\php\php7.4.33;C:\ProgramData\ComposerSetup\bin;C:\symfony-cli_windows_amd64;C:\Program Files\Docker\Docker\resources\bin;C:\Users\Ahmed\scoop\shims;C:\Users\Ahmed\AppData\Local\Microsoft\WindowsApps;C:\Program Files\Java\jdk-18.0.2.1\bin;C:\Users\Ahmed\AppData\Local\Programs\Microsoft VS Code\bin;C:\Program Files\Azure Data Studio\bin;C:\Program Files\JetBrains\WebStorm 2022.3\bin;C:\Users\Ahmed\AppData\Roaming\npm;C:\Program Files\JetBrains\PhpStorm 2022.3.1\bin;C:\Users\Ahmed\AppData\Roaming\Composer\vendor\bin;C:\Users\Ahmed\stripe\stripe_1.19.2_windows_x86_64
USERNAME=Ahmed
DISPLAY=:0.0
LC_ALL=en_US.UTF-8
TERM=xterm-256color
TMPDIR=C:\Users\Ahmed\AppData\Local\Temp
OS=Windows_NT
PROCESSOR_IDENTIFIER=AMD64 Family 23 Model 24 Stepping 1, AuthenticAMD
TMP=C:\Users\Ahmed\AppData\Local\Temp
TEMP=C:\Users\Ahmed\AppData\Local\Temp



---------------  S Y S T E M  ---------------

OS:
 Windows 10 , 64 bit Build 19041 (10.0.19041.2913)
OS uptime: 12 days 1:57 hours
Hyper-V role detected

CPU: total 8 (initial active 8) (8 cores per cpu, 2 threads per core) family 23 model 24 stepping 1 microcode 0x0, cx8, cmov, fxsr, ht, mmx, 3dnowpref, sse, sse2, sse3, ssse3, sse4a, sse4.1, sse4.2, popcnt, lzcnt, tsc, tscinvbit, avx, avx2, aes, clmul, bmi1, bmi2, adx, sha, fma, vzeroupper, clflush, clflushopt, hv

Memory: 4k page, system-wide physical 6091M (288M free)
TotalPageFile size 24523M (AvailPageFile size 6M)
current process WorkingSet (physical memory assigned to process): 10M, peak: 10M
current process commit charge ("private bytes"): 157M, peak: 159M

vm_info: OpenJDK 64-Bit Server VM (17.0.5+1-b653.23) for windows-amd64 JRE (17.0.5+1-b653.23), built on 2022-12-12 by "builduser" with MS VC++ 16.10 / 16.11 (VS2019)

END.
